This file contains any messages produced by compilers while
running configure, to aid debugging if configure makes a mistake.

It was created by configure, which was
generated by GNU Autoconf 2.59.  Invocation command line was

  $ ./configure --prefix=/home/pham/projects/Research/SharedThirdParties/m4 --exec-prefix=/home/pham/projects/Research/SharedThirdParties/m4

## --------- ##
## Platform. ##
## --------- ##

hostname = pham-VirtualBox
uname -m = i686
uname -r = 3.11.0-26-generic
uname -s = Linux
uname -v = #45-Ubuntu SMP Tue Jul 15 04:04:15 UTC 2014

/usr/bin/uname -p = unknown
/bin/uname -X     = unknown

/bin/arch              = unknown
/usr/bin/arch -k       = unknown
/usr/convex/getsysinfo = unknown
hostinfo               = unknown
/bin/machine           = unknown
/usr/bin/oslevel       = unknown
/bin/universe          = unknown

PATH: /usr/lib/lightdm/lightdm
PATH: /usr/local/sbin
PATH: /usr/local/bin
PATH: /usr/sbin
PATH: /usr/bin
PATH: /sbin
PATH: /bin
PATH: /usr/games
PATH: /usr/local/games


## ----------- ##
## Core tests. ##
## ----------- ##

configure:1336: checking for gawk
configure:1365: result: no
configure:1336: checking for mawk
configure:1352: found /usr/bin/mawk
configure:1362: result: mawk
configure:1418: checking for gcc
configure:1434: found /usr/bin/gcc
configure:1444: result: gcc
configure:1688: checking for C compiler version
configure:1691: gcc --version </dev/null >&5
gcc (Ubuntu/Linaro 4.8.1-10ubuntu9) 4.8.1
Copyright (C) 2013 Free Software Foundation, Inc.
This is free software; see the source for copying conditions.  There is NO
warranty; not even for MERCHANTABILITY or FITNESS FOR A PARTICULAR PURPOSE.

configure:1694: $? = 0
configure:1696: gcc -v </dev/null >&5
Using built-in specs.
COLLECT_GCC=gcc
COLLECT_LTO_WRAPPER=/usr/lib/gcc/i686-linux-gnu/4.8/lto-wrapper
Target: i686-linux-gnu
Configured with: ../src/configure -v --with-pkgversion='Ubuntu/Linaro 4.8.1-10ubuntu9' --with-bugurl=file:///usr/share/doc/gcc-4.8/README.Bugs --enable-languages=c,c++,java,go,d,fortran,objc,obj-c++ --prefix=/usr --program-suffix=-4.8 --enable-shared --enable-linker-build-id --libexecdir=/usr/lib --without-included-gettext --enable-threads=posix --with-gxx-include-dir=/usr/include/c++/4.8 --libdir=/usr/lib --enable-nls --with-sysroot=/ --enable-clocale=gnu --enable-libstdcxx-debug --enable-libstdcxx-time=yes --enable-gnu-unique-object --enable-plugin --with-system-zlib --disable-browser-plugin --enable-java-awt=gtk --enable-gtk-cairo --with-java-home=/usr/lib/jvm/java-1.5.0-gcj-4.8-i386/jre --enable-java-home --with-jvm-root-dir=/usr/lib/jvm/java-1.5.0-gcj-4.8-i386 --with-jvm-jar-dir=/usr/lib/jvm-exports/java-1.5.0-gcj-4.8-i386 --with-arch-directory=i386 --with-ecj-jar=/usr/share/java/eclipse-ecj.jar --enable-objc-gc --enable-targets=all --enable-multiarch --disable-werror --with-arch-32=i686 --with-multilib-list=m32,m64,mx32 --with-tune=generic --enable-checking=release --build=i686-linux-gnu --host=i686-linux-gnu --target=i686-linux-gnu
Thread model: posix
gcc version 4.8.1 (Ubuntu/Linaro 4.8.1-10ubuntu9) 
configure:1699: $? = 0
configure:1701: gcc -V </dev/null >&5
gcc: error: unrecognized command line option '-V'
gcc: fatal error: no input files
compilation terminated.
configure:1704: $? = 4
configure:1727: checking for C compiler default output file name
configure:1730: gcc    conftest.c  >&5
configure:1733: $? = 0
configure:1779: result: a.out
configure:1784: checking whether the C compiler works
configure:1790: ./a.out
configure:1793: $? = 0
configure:1810: result: yes
configure:1817: checking whether we are cross compiling
configure:1819: result: no
configure:1822: checking for suffix of executables
configure:1824: gcc -o conftest    conftest.c  >&5
configure:1827: $? = 0
configure:1852: result: 
configure:1858: checking for suffix of object files
configure:1879: gcc -c   conftest.c >&5
configure:1882: $? = 0
configure:1904: result: o
configure:1908: checking whether we are using the GNU C compiler
configure:1932: gcc -c   conftest.c >&5
configure:1938: $? = 0
configure:1942: test -z 
			 || test ! -s conftest.err
configure:1945: $? = 0
configure:1948: test -s conftest.o
configure:1951: $? = 0
configure:1964: result: yes
configure:1970: checking whether gcc accepts -g
configure:1991: gcc -c -g  conftest.c >&5
configure:1997: $? = 0
configure:2001: test -z 
			 || test ! -s conftest.err
configure:2004: $? = 0
configure:2007: test -s conftest.o
configure:2010: $? = 0
configure:2021: result: yes
configure:2038: checking for gcc option to accept ANSI C
configure:2108: gcc  -c -g -O2  conftest.c >&5
configure:2114: $? = 0
configure:2118: test -z 
			 || test ! -s conftest.err
configure:2121: $? = 0
configure:2124: test -s conftest.o
configure:2127: $? = 0
configure:2145: result: none needed
configure:2163: gcc -c -g -O2  conftest.c >&5
conftest.c:2:3: error: unknown type name 'choke'
   choke me
   ^
conftest.c:2:3: error: expected '=', ',', ';', 'asm' or '__attribute__' at end of input
configure:2169: $? = 1
configure: failed program was:
| #ifndef __cplusplus
|   choke me
| #endif
configure:2340: checking for a BSD-compatible install
configure:2395: result: /usr/bin/install -c
configure:2406: checking whether make sets $(MAKE)
configure:2426: result: yes
configure:2476: checking for ranlib
configure:2492: found /usr/bin/ranlib
configure:2503: result: ranlib
configure:2522: checking how to run the C preprocessor
configure:2557: gcc -E  conftest.c
configure:2563: $? = 0
configure:2595: gcc -E  conftest.c
conftest.c:11:28: fatal error: ac_nonexistent.h: No such file or directory
 #include <ac_nonexistent.h>
                            ^
compilation terminated.
configure:2601: $? = 1
configure: failed program was:
| /* confdefs.h.  */
| 
| #define PACKAGE_NAME ""
| #define PACKAGE_TARNAME ""
| #define PACKAGE_VERSION ""
| #define PACKAGE_STRING ""
| #define PACKAGE_BUGREPORT ""
| #define PRODUCT "m4"
| #define VERSION "1.4.1"
| /* end confdefs.h.  */
| #include <ac_nonexistent.h>
configure:2640: result: gcc -E
configure:2664: gcc -E  conftest.c
configure:2670: $? = 0
configure:2702: gcc -E  conftest.c
conftest.c:11:28: fatal error: ac_nonexistent.h: No such file or directory
 #include <ac_nonexistent.h>
                            ^
compilation terminated.
configure:2708: $? = 1
configure: failed program was:
| /* confdefs.h.  */
| 
| #define PACKAGE_NAME ""
| #define PACKAGE_TARNAME ""
| #define PACKAGE_VERSION ""
| #define PACKAGE_STRING ""
| #define PACKAGE_BUGREPORT ""
| #define PRODUCT "m4"
| #define VERSION "1.4.1"
| /* end confdefs.h.  */
| #include <ac_nonexistent.h>
configure:2752: checking for egrep
configure:2762: result: grep -E
configure:2768: checking for AIX
configure:2790: result: no
configure:2796: checking for library containing strerror
configure:2826: gcc -o conftest -g -O2   conftest.c  >&5
configure:2832: $? = 0
configure:2836: test -z 
			 || test ! -s conftest.err
configure:2839: $? = 0
configure:2842: test -s conftest
configure:2845: $? = 0
configure:2915: result: none required
configure:2922: checking for ANSI C header files
configure:2947: gcc -c -g -O2  conftest.c >&5
configure:2953: $? = 0
configure:2957: test -z 
			 || test ! -s conftest.err
configure:2960: $? = 0
configure:2963: test -s conftest.o
configure:2966: $? = 0
configure:3055: gcc -o conftest -g -O2   conftest.c  >&5
conftest.c: In function 'main':
conftest.c:28:7: warning: incompatible implicit declaration of built-in function 'exit' [enabled by default]
       exit(2);
       ^
configure:3058: $? = 0
configure:3060: ./conftest
configure:3063: $? = 0
configure:3078: result: yes
configure:3102: checking for sys/types.h
configure:3118: gcc -c -g -O2  conftest.c >&5
configure:3124: $? = 0
configure:3128: test -z 
			 || test ! -s conftest.err
configure:3131: $? = 0
configure:3134: test -s conftest.o
configure:3137: $? = 0
configure:3148: result: yes
configure:3102: checking for sys/stat.h
configure:3118: gcc -c -g -O2  conftest.c >&5
configure:3124: $? = 0
configure:3128: test -z 
			 || test ! -s conftest.err
configure:3131: $? = 0
configure:3134: test -s conftest.o
configure:3137: $? = 0
configure:3148: result: yes
configure:3102: checking for stdlib.h
configure:3118: gcc -c -g -O2  conftest.c >&5
configure:3124: $? = 0
configure:3128: test -z 
			 || test ! -s conftest.err
configure:3131: $? = 0
configure:3134: test -s conftest.o
configure:3137: $? = 0
configure:3148: result: yes
configure:3102: checking for string.h
configure:3118: gcc -c -g -O2  conftest.c >&5
configure:3124: $? = 0
configure:3128: test -z 
			 || test ! -s conftest.err
configure:3131: $? = 0
configure:3134: test -s conftest.o
configure:3137: $? = 0
configure:3148: result: yes
configure:3102: checking for memory.h
configure:3118: gcc -c -g -O2  conftest.c >&5
configure:3124: $? = 0
configure:3128: test -z 
			 || test ! -s conftest.err
configure:3131: $? = 0
configure:3134: test -s conftest.o
configure:3137: $? = 0
configure:3148: result: yes
configure:3102: checking for strings.h
configure:3118: gcc -c -g -O2  conftest.c >&5
configure:3124: $? = 0
configure:3128: test -z 
			 || test ! -s conftest.err
configure:3131: $? = 0
configure:3134: test -s conftest.o
configure:3137: $? = 0
configure:3148: result: yes
configure:3102: checking for inttypes.h
configure:3118: gcc -c -g -O2  conftest.c >&5
configure:3124: $? = 0
configure:3128: test -z 
			 || test ! -s conftest.err
configure:3131: $? = 0
configure:3134: test -s conftest.o
configure:3137: $? = 0
configure:3148: result: yes
configure:3102: checking for stdint.h
configure:3118: gcc -c -g -O2  conftest.c >&5
configure:3124: $? = 0
configure:3128: test -z 
			 || test ! -s conftest.err
configure:3131: $? = 0
configure:3134: test -s conftest.o
configure:3137: $? = 0
configure:3148: result: yes
configure:3102: checking for unistd.h
configure:3118: gcc -c -g -O2  conftest.c >&5
configure:3124: $? = 0
configure:3128: test -z 
			 || test ! -s conftest.err
configure:3131: $? = 0
configure:3134: test -s conftest.o
configure:3137: $? = 0
configure:3148: result: yes
configure:3170: checking minix/config.h usability
configure:3182: gcc -c -g -O2  conftest.c >&5
conftest.c:55:26: fatal error: minix/config.h: No such file or directory
 #include <minix/config.h>
                          ^
compilation terminated.
configure:3188: $? = 1
configure: failed program was:
| /* confdefs.h.  */
| 
| #define PACKAGE_NAME ""
| #define PACKAGE_TARNAME ""
| #define PACKAGE_VERSION ""
| #define PACKAGE_STRING ""
| #define PACKAGE_BUGREPORT ""
| #define PRODUCT "m4"
| #define VERSION "1.4.1"
| #define STDC_HEADERS 1
| #define HAVE_SYS_TYPES_H 1
| #define HAVE_SYS_STAT_H 1
| #define HAVE_STDLIB_H 1
| #define HAVE_STRING_H 1
| #define HAVE_MEMORY_H 1
| #define HAVE_STRINGS_H 1
| #define HAVE_INTTYPES_H 1
| #define HAVE_STDINT_H 1
| #define HAVE_UNISTD_H 1
| /* end confdefs.h.  */
| #include <stdio.h>
| #if HAVE_SYS_TYPES_H
| # include <sys/types.h>
| #endif
| #if HAVE_SYS_STAT_H
| # include <sys/stat.h>
| #endif
| #if STDC_HEADERS
| # include <stdlib.h>
| # include <stddef.h>
| #else
| # if HAVE_STDLIB_H
| #  include <stdlib.h>
| # endif
| #endif
| #if HAVE_STRING_H
| # if !STDC_HEADERS && HAVE_MEMORY_H
| #  include <memory.h>
| # endif
| # include <string.h>
| #endif
| #if HAVE_STRINGS_H
| # include <strings.h>
| #endif
| #if HAVE_INTTYPES_H
| # include <inttypes.h>
| #else
| # if HAVE_STDINT_H
| #  include <stdint.h>
| # endif
| #endif
| #if HAVE_UNISTD_H
| # include <unistd.h>
| #endif
| #include <minix/config.h>
configure:3211: result: no
configure:3215: checking minix/config.h presence
configure:3225: gcc -E  conftest.c
conftest.c:21:26: fatal error: minix/config.h: No such file or directory
 #include <minix/config.h>
                          ^
compilation terminated.
configure:3231: $? = 1
configure: failed program was:
| /* confdefs.h.  */
| 
| #define PACKAGE_NAME ""
| #define PACKAGE_TARNAME ""
| #define PACKAGE_VERSION ""
| #define PACKAGE_STRING ""
| #define PACKAGE_BUGREPORT ""
| #define PRODUCT "m4"
| #define VERSION "1.4.1"
| #define STDC_HEADERS 1
| #define HAVE_SYS_TYPES_H 1
| #define HAVE_SYS_STAT_H 1
| #define HAVE_STDLIB_H 1
| #define HAVE_STRING_H 1
| #define HAVE_MEMORY_H 1
| #define HAVE_STRINGS_H 1
| #define HAVE_INTTYPES_H 1
| #define HAVE_STDINT_H 1
| #define HAVE_UNISTD_H 1
| /* end confdefs.h.  */
| #include <minix/config.h>
configure:3251: result: no
configure:3286: checking for minix/config.h
configure:3293: result: no
configure:3322: checking for gcc option to accept ANSI C
configure:3392: result: 
configure:3400: checking for function prototypes
configure:3403: result: yes
configure:3416: checking for an ANSI C-conforming const
configure:3483: gcc -c -g -O2  conftest.c >&5
configure:3489: $? = 0
configure:3493: test -z 
			 || test ! -s conftest.err
configure:3496: $? = 0
configure:3499: test -s conftest.o
configure:3502: $? = 0
configure:3513: result: yes
configure:3542: checking limits.h usability
configure:3554: gcc -c -g -O2  conftest.c >&5
configure:3560: $? = 0
configure:3564: test -z 
			 || test ! -s conftest.err
configure:3567: $? = 0
configure:3570: test -s conftest.o
configure:3573: $? = 0
configure:3583: result: yes
configure:3587: checking limits.h presence
configure:3597: gcc -E  conftest.c
configure:3603: $? = 0
configure:3623: result: yes
configure:3658: checking for limits.h
configure:3665: result: yes
configure:3533: checking for memory.h
configure:3538: result: yes
configure:3542: checking siginfo.h usability
configure:3554: gcc -c -g -O2  conftest.c >&5
conftest.c:58:21: fatal error: siginfo.h: No such file or directory
 #include <siginfo.h>
                     ^
compilation terminated.
configure:3560: $? = 1
configure: failed program was:
| /* confdefs.h.  */
| 
| #define PACKAGE_NAME ""
| #define PACKAGE_TARNAME ""
| #define PACKAGE_VERSION ""
| #define PACKAGE_STRING ""
| #define PACKAGE_BUGREPORT ""
| #define PRODUCT "m4"
| #define VERSION "1.4.1"
| #define STDC_HEADERS 1
| #define HAVE_SYS_TYPES_H 1
| #define HAVE_SYS_STAT_H 1
| #define HAVE_STDLIB_H 1
| #define HAVE_STRING_H 1
| #define HAVE_MEMORY_H 1
| #define HAVE_STRINGS_H 1
| #define HAVE_INTTYPES_H 1
| #define HAVE_STDINT_H 1
| #define HAVE_UNISTD_H 1
| #define PROTOTYPES 1
| #define HAVE_LIMITS_H 1
| #define HAVE_MEMORY_H 1
| /* end confdefs.h.  */
| #include <stdio.h>
| #if HAVE_SYS_TYPES_H
| # include <sys/types.h>
| #endif
| #if HAVE_SYS_STAT_H
| # include <sys/stat.h>
| #endif
| #if STDC_HEADERS
| # include <stdlib.h>
| # include <stddef.h>
| #else
| # if HAVE_STDLIB_H
| #  include <stdlib.h>
| # endif
| #endif
| #if HAVE_STRING_H
| # if !STDC_HEADERS && HAVE_MEMORY_H
| #  include <memory.h>
| # endif
| # include <string.h>
| #endif
| #if HAVE_STRINGS_H
| # include <strings.h>
| #endif
| #if HAVE_INTTYPES_H
| # include <inttypes.h>
| #else
| # if HAVE_STDINT_H
| #  include <stdint.h>
| # endif
| #endif
| #if HAVE_UNISTD_H
| # include <unistd.h>
| #endif
| #include <siginfo.h>
configure:3583: result: no
configure:3587: checking siginfo.h presence
configure:3597: gcc -E  conftest.c
conftest.c:24:21: fatal error: siginfo.h: No such file or directory
 #include <siginfo.h>
                     ^
compilation terminated.
configure:3603: $? = 1
configure: failed program was:
| /* confdefs.h.  */
| 
| #define PACKAGE_NAME ""
| #define PACKAGE_TARNAME ""
| #define PACKAGE_VERSION ""
| #define PACKAGE_STRING ""
| #define PACKAGE_BUGREPORT ""
| #define PRODUCT "m4"
| #define VERSION "1.4.1"
| #define STDC_HEADERS 1
| #define HAVE_SYS_TYPES_H 1
| #define HAVE_SYS_STAT_H 1
| #define HAVE_STDLIB_H 1
| #define HAVE_STRING_H 1
| #define HAVE_MEMORY_H 1
| #define HAVE_STRINGS_H 1
| #define HAVE_INTTYPES_H 1
| #define HAVE_STDINT_H 1
| #define HAVE_UNISTD_H 1
| #define PROTOTYPES 1
| #define HAVE_LIMITS_H 1
| #define HAVE_MEMORY_H 1
| /* end confdefs.h.  */
| #include <siginfo.h>
configure:3623: result: no
configure:3658: checking for siginfo.h
configure:3665: result: no
configure:3533: checking for string.h
configure:3538: result: yes
configure:3533: checking for unistd.h
configure:3538: result: yes
configure:3678: checking for ANSI C header files
configure:3834: result: yes
configure:3844: checking return type of signal handlers
configure:3875: gcc -c -g -O2  conftest.c >&5
configure:3881: $? = 0
configure:3885: test -z 
			 || test ! -s conftest.err
configure:3888: $? = 0
configure:3891: test -s conftest.o
configure:3894: $? = 0
configure:3905: result: void
configure:3913: checking for size_t
configure:3937: gcc -c -g -O2  conftest.c >&5
configure:3943: $? = 0
configure:3947: test -z 
			 || test ! -s conftest.err
configure:3950: $? = 0
configure:3953: test -s conftest.o
configure:3956: $? = 0
configure:3967: result: yes
configure:3990: checking for mkstemp
configure:4047: gcc -o conftest -g -O2   conftest.c  >&5
configure:4053: $? = 0
configure:4057: test -z 
			 || test ! -s conftest.err
configure:4060: $? = 0
configure:4063: test -s conftest
configure:4066: $? = 0
configure:4078: result: yes
configure:3990: checking for sigaction
configure:4047: gcc -o conftest -g -O2   conftest.c  >&5
configure:4053: $? = 0
configure:4057: test -z 
			 || test ! -s conftest.err
configure:4060: $? = 0
configure:4063: test -s conftest
configure:4066: $? = 0
configure:4078: result: yes
configure:3990: checking for sigaltstack
configure:4047: gcc -o conftest -g -O2   conftest.c  >&5
configure:4053: $? = 0
configure:4057: test -z 
			 || test ! -s conftest.err
configure:4060: $? = 0
configure:4063: test -s conftest
configure:4066: $? = 0
configure:4078: result: yes
configure:3990: checking for sigstack
configure:4047: gcc -o conftest -g -O2   conftest.c  >&5
/tmp/ccxnL3mb.o:(.data+0x0): warning: the `sigstack' function is dangerous.  `sigaltstack' should be used instead.
configure:4053: $? = 0
configure:4057: test -z 
			 || test ! -s conftest.err
configure:4060: $? = 0
configure:4063: test -s conftest
configure:4066: $? = 0
configure:4078: result: yes
configure:3990: checking for sigvec
configure:4047: gcc -o conftest -g -O2   conftest.c  >&5
configure:4053: $? = 0
configure:4057: test -z 
			 || test ! -s conftest.err
configure:4060: $? = 0
configure:4063: test -s conftest
configure:4066: $? = 0
configure:4078: result: yes
configure:3990: checking for strerror
configure:4047: gcc -o conftest -g -O2   conftest.c  >&5
configure:4053: $? = 0
configure:4057: test -z 
			 || test ! -s conftest.err
configure:4060: $? = 0
configure:4063: test -s conftest
configure:4066: $? = 0
configure:4078: result: yes
configure:3990: checking for tmpfile
configure:4047: gcc -o conftest -g -O2   conftest.c  >&5
configure:4053: $? = 0
configure:4057: test -z 
			 || test ! -s conftest.err
configure:4060: $? = 0
configure:4063: test -s conftest
configure:4066: $? = 0
configure:4078: result: yes
configure:4090: checking for working alloca.h
configure:4111: gcc -o conftest -g -O2   conftest.c  >&5
configure:4117: $? = 0
configure:4121: test -z 
			 || test ! -s conftest.err
configure:4124: $? = 0
configure:4127: test -s conftest
configure:4130: $? = 0
configure:4142: result: yes
configure:4152: checking for alloca
configure:4193: gcc -o conftest -g -O2   conftest.c  >&5
configure:4199: $? = 0
configure:4203: test -z 
			 || test ! -s conftest.err
configure:4206: $? = 0
configure:4209: test -s conftest
configure:4212: $? = 0
configure:4224: result: yes
configure:4451: checking for vprintf
configure:4508: gcc -o conftest -g -O2   conftest.c  >&5
conftest.c:61:6: warning: conflicting types for built-in function 'vprintf' [enabled by default]
 char vprintf ();
      ^
configure:4514: $? = 0
configure:4518: test -z 
			 || test ! -s conftest.err
configure:4521: $? = 0
configure:4524: test -s conftest
configure:4527: $? = 0
configure:4539: result: yes
configure:4546: checking for _doprnt
configure:4603: gcc -o conftest -g -O2   conftest.c  >&5
/tmp/cc2WF7qa.o:(.data+0x0): undefined reference to `_doprnt'
/tmp/cc2WF7qa.o: In function `main':
/home/pham/projects/Research/SharedThirdParties/m4-1.4.1/conftest.c:78: undefined reference to `_doprnt'
collect2: error: ld returned 1 exit status
configure:4609: $? = 1
configure: failed program was:
| /* confdefs.h.  */
| 
| #define PACKAGE_NAME ""
| #define PACKAGE_TARNAME ""
| #define PACKAGE_VERSION ""
| #define PACKAGE_STRING ""
| #define PACKAGE_BUGREPORT ""
| #define PRODUCT "m4"
| #define VERSION "1.4.1"
| #define STDC_HEADERS 1
| #define HAVE_SYS_TYPES_H 1
| #define HAVE_SYS_STAT_H 1
| #define HAVE_STDLIB_H 1
| #define HAVE_STRING_H 1
| #define HAVE_MEMORY_H 1
| #define HAVE_STRINGS_H 1
| #define HAVE_INTTYPES_H 1
| #define HAVE_STDINT_H 1
| #define HAVE_UNISTD_H 1
| #define PROTOTYPES 1
| #define HAVE_LIMITS_H 1
| #define HAVE_MEMORY_H 1
| #define HAVE_STRING_H 1
| #define HAVE_UNISTD_H 1
| #define STDC_HEADERS 1
| #define RETSIGTYPE void
| #define HAVE_MKSTEMP 1
| #define HAVE_SIGACTION 1
| #define HAVE_SIGALTSTACK 1
| #define HAVE_SIGSTACK 1
| #define HAVE_SIGVEC 1
| #define HAVE_STRERROR 1
| #define HAVE_TMPFILE 1
| #define HAVE_ALLOCA_H 1
| #define HAVE_ALLOCA 1
| #define HAVE_VPRINTF 1
| /* end confdefs.h.  */
| /* Define _doprnt to an innocuous variant, in case <limits.h> declares _doprnt.
|    For example, HP-UX 11i <limits.h> declares gettimeofday.  */
| #define _doprnt innocuous__doprnt
| 
| /* System header to define __stub macros and hopefully few prototypes,
|     which can conflict with char _doprnt (); below.
|     Prefer <limits.h> to <assert.h> if __STDC__ is defined, since
|     <limits.h> exists even on freestanding compilers.  */
| 
| #ifdef __STDC__
| # include <limits.h>
| #else
| # include <assert.h>
| #endif
| 
| #undef _doprnt
| 
| /* Override any gcc2 internal prototype to avoid an error.  */
| #ifdef __cplusplus
| extern "C"
| {
| #endif
| /* We use char because int might match the return type of a gcc2
|    builtin and then its argument prototype would still apply.  */
| char _doprnt ();
| /* The GNU C library defines this for functions which it implements
|     to always fail with ENOSYS.  Some functions are actually named
|     something starting with __ and the normal name is an alias.  */
| #if defined (__stub__doprnt) || defined (__stub____doprnt)
| choke me
| #else
| char (*f) () = _doprnt;
| #endif
| #ifdef __cplusplus
| }
| #endif
| 
| int
| main ()
| {
| return f != _doprnt;
|   ;
|   return 0;
| }
configure:4634: result: no
configure:4652: checking for strtol
configure:4709: gcc -o conftest -g -O2   conftest.c  >&5
configure:4715: $? = 0
configure:4719: test -z 
			 || test ! -s conftest.err
configure:4722: $? = 0
configure:4725: test -s conftest
configure:4728: $? = 0
configure:4740: result: yes
configure:4760: checking ecvt declaration
configure:4773: result: yes
configure:4886: checking if stack overflow is detectable
configure:4918: gcc -o conftest -g -O2   conftest.c  >&5
configure:4924: $? = 0
configure:4928: test -z 
			 || test ! -s conftest.err
configure:4931: $? = 0
configure:4934: test -s conftest
configure:4937: $? = 0
configure:4949: result: yes
configure:5018: checking if changeword is wanted
configure:5035: result: no
configure:5039: checking if malloc debugging is wanted
configure:5059: result: no
configure:5160: creating ./config.status

## ---------------------- ##
## Running config.status. ##
## ---------------------- ##

This file was extended by config.status, which was
generated by GNU Autoconf 2.59.  Invocation command line was

  CONFIG_FILES    = 
  CONFIG_HEADERS  = 
  CONFIG_LINKS    = 
  CONFIG_COMMANDS = 
  $ ./config.status 

on pham-VirtualBox

config.status:670: creating Makefile
config.status:670: creating doc/Makefile
config.status:670: creating lib/Makefile
config.status:670: creating src/Makefile
config.status:670: creating checks/Makefile
config.status:670: creating examples/Makefile
config.status:774: creating config.h
config.status:1089: executing default commands

## ---------------- ##
## Cache variables. ##
## ---------------- ##

ac_cv_c_compiler_gnu=yes
ac_cv_c_const=yes
ac_cv_env_CC_set=
ac_cv_env_CC_value=
ac_cv_env_CFLAGS_set=
ac_cv_env_CFLAGS_value=
ac_cv_env_CPPFLAGS_set=
ac_cv_env_CPPFLAGS_value=
ac_cv_env_CPP_set=
ac_cv_env_CPP_value=
ac_cv_env_LDFLAGS_set=
ac_cv_env_LDFLAGS_value=
ac_cv_env_build_alias_set=
ac_cv_env_build_alias_value=
ac_cv_env_host_alias_set=
ac_cv_env_host_alias_value=
ac_cv_env_target_alias_set=
ac_cv_env_target_alias_value=
ac_cv_exeext=
ac_cv_func__doprnt=no
ac_cv_func_alloca_works=yes
ac_cv_func_mkstemp=yes
ac_cv_func_sigaction=yes
ac_cv_func_sigaltstack=yes
ac_cv_func_sigstack=yes
ac_cv_func_sigvec=yes
ac_cv_func_strerror=yes
ac_cv_func_strtol=yes
ac_cv_func_tmpfile=yes
ac_cv_func_vprintf=yes
ac_cv_header_inttypes_h=yes
ac_cv_header_limits_h=yes
ac_cv_header_memory_h=yes
ac_cv_header_minix_config_h=no
ac_cv_header_siginfo_h=no
ac_cv_header_stdc=yes
ac_cv_header_stdint_h=yes
ac_cv_header_stdlib_h=yes
ac_cv_header_string_h=yes
ac_cv_header_strings_h=yes
ac_cv_header_sys_stat_h=yes
ac_cv_header_sys_types_h=yes
ac_cv_header_unistd_h=yes
ac_cv_objext=o
ac_cv_path_install='/usr/bin/install -c'
ac_cv_prog_AWK=mawk
ac_cv_prog_CPP='gcc -E'
ac_cv_prog_ac_ct_CC=gcc
ac_cv_prog_ac_ct_RANLIB=ranlib
ac_cv_prog_cc_g=yes
ac_cv_prog_cc_stdc=
ac_cv_prog_egrep='grep -E'
ac_cv_prog_make_make_set=yes
ac_cv_search_strerror='none required'
ac_cv_type_signal=void
ac_cv_type_size_t=yes
ac_cv_working_alloca_h=yes

## ----------------- ##
## Output variables. ##
## ----------------- ##

ALLOCA=''
ANSI2KNR=''
AWK='mawk'
CC='gcc'
CFLAGS='-g -O2'
CPP='gcc -E'
CPPFLAGS=''
DEFS='-DHAVE_CONFIG_H'
ECHO_C=''
ECHO_N='-n'
ECHO_T=''
EGREP='grep -E'
EXEEXT=''
INSTALL_DATA='${INSTALL} -m 644'
INSTALL_PROGRAM='${INSTALL}'
INSTALL_SCRIPT='${INSTALL}'
LDFLAGS=''
LIBOBJS=''
LIBS=''
LTLIBOBJS=''
OBJEXT='o'
PACKAGE_BUGREPORT=''
PACKAGE_NAME=''
PACKAGE_STRING=''
PACKAGE_TARNAME=''
PACKAGE_VERSION=''
PATH_SEPARATOR=':'
PRODUCT='m4'
RANLIB='ranlib'
SET_MAKE=''
SHELL='/bin/bash'
STACKOVF='stackovf.o'
U=''
VERSION='1.4.1'
ac_ct_CC='gcc'
ac_ct_RANLIB='ranlib'
bindir='${exec_prefix}/bin'
build_alias=''
datadir='${prefix}/share'
exec_prefix='/home/pham/projects/Research/SharedThirdParties/m4'
host_alias=''
includedir='${prefix}/include'
infodir='${prefix}/info'
libdir='${exec_prefix}/lib'
libexecdir='${exec_prefix}/libexec'
localstatedir='${prefix}/var'
mandir='${prefix}/man'
oldincludedir='/usr/include'
prefix='/home/pham/projects/Research/SharedThirdParties/m4'
program_transform_name='s,x,x,'
sbindir='${exec_prefix}/sbin'
sharedstatedir='${prefix}/com'
sysconfdir='${prefix}/etc'
target_alias=''

## ----------- ##
## confdefs.h. ##
## ----------- ##

#define HAVE_ALLOCA 1
#define HAVE_ALLOCA_H 1
#define HAVE_EFGCVT 2
#define HAVE_INTTYPES_H 1
#define HAVE_LIMITS_H 1
#define HAVE_MEMORY_H 1
#define HAVE_MEMORY_H 1
#define HAVE_MKSTEMP 1
#define HAVE_SIGACTION 1
#define HAVE_SIGALTSTACK 1
#define HAVE_SIGCONTEXT 1
#define HAVE_SIGSTACK 1
#define HAVE_SIGVEC 1
#define HAVE_STDINT_H 1
#define HAVE_STDLIB_H 1
#define HAVE_STRERROR 1
#define HAVE_STRINGS_H 1
#define HAVE_STRING_H 1
#define HAVE_STRING_H 1
#define HAVE_STRTOL 1
#define HAVE_SYS_STAT_H 1
#define HAVE_SYS_TYPES_H 1
#define HAVE_TMPFILE 1
#define HAVE_UNISTD_H 1
#define HAVE_UNISTD_H 1
#define HAVE_VPRINTF 1
#define PACKAGE_BUGREPORT ""
#define PACKAGE_NAME ""
#define PACKAGE_STRING ""
#define PACKAGE_TARNAME ""
#define PACKAGE_VERSION ""
#define PRODUCT "m4"
#define PROTOTYPES 1
#define RETSIGTYPE void
#define STDC_HEADERS 1
#define STDC_HEADERS 1
#define USE_STACKOVF 1
#define VERSION "1.4.1"

configure: exit 0
